[debug] [2018-07-01T12:30:43.146Z] ----------------------------------------------------------------------
[debug] [2018-07-01T12:30:43.148Z] Command:       C:\Program Files\nodejs\node.exe C:\Users\Road\AppData\Roaming\npm\node_modules\firebase-tools\bin\firebase deploy
[debug] [2018-07-01T12:30:43.149Z] CLI Version:   3.19.1
[debug] [2018-07-01T12:30:43.149Z] Platform:      win32
[debug] [2018-07-01T12:30:43.149Z] Node Version:  v10.4.1
[debug] [2018-07-01T12:30:43.149Z] Time:          Sun Jul 01 2018 19:30:43 GMT+0700 (Indochina Time)
[debug] [2018-07-01T12:30:43.149Z] ----------------------------------------------------------------------
[debug] 
[debug] [2018-07-01T12:30:43.159Z] > command requires scopes: ["email","openid","https://www.googleapis.com/auth/cloudplatformprojects.readonly","https://www.googleapis.com/auth/firebase","https://www.googleapis.com/auth/cloud-platform"]
[debug] [2018-07-01T12:30:43.159Z] > authorizing via signed-in user
[debug] [2018-07-01T12:30:43.161Z] >>> HTTP REQUEST GET https://admin.firebase.com/v1/projects/rnkm2018-house-ad25ge  
  
 Sun Jul 01 2018 19:30:43 GMT+0700 (Indochina Time)
[debug] [2018-07-01T12:30:44.245Z] <<< HTTP RESPONSE 200
[debug] [2018-07-01T12:30:44.246Z] >>> HTTP REQUEST GET https://admin.firebase.com/v1/database/rnkm2018-house-ad25ge/tokens  
  
 Sun Jul 01 2018 19:30:44 GMT+0700 (Indochina Time)
[debug] [2018-07-01T12:30:45.163Z] <<< HTTP RESPONSE 200
[debug] [2018-07-01T12:36:05.482Z] ----------------------------------------------------------------------
[debug] [2018-07-01T12:36:05.485Z] Command:       C:\Program Files\nodejs\node.exe C:\Users\Road\AppData\Roaming\npm\node_modules\firebase-tools\bin\firebase serve
[debug] [2018-07-01T12:36:05.485Z] CLI Version:   3.19.1
[debug] [2018-07-01T12:36:05.485Z] Platform:      win32
[debug] [2018-07-01T12:36:05.485Z] Node Version:  v10.4.1
[debug] [2018-07-01T12:36:05.486Z] Time:          Sun Jul 01 2018 19:36:05 GMT+0700 (Indochina Time)
[debug] [2018-07-01T12:36:05.486Z] ----------------------------------------------------------------------
[debug] 
[debug] [2018-07-01T12:36:05.497Z] > command requires scopes: ["email","openid","https://www.googleapis.com/auth/cloudplatformprojects.readonly","https://www.googleapis.com/auth/firebase","https://www.googleapis.com/auth/cloud-platform"]
[debug] [2018-07-01T12:36:05.498Z] > authorizing via signed-in user
[debug] [2018-07-01T12:36:05.500Z] >>> HTTP REQUEST GET https://admin.firebase.com/v1/projects/rnkm2018-house-ad25ge  
  
 Sun Jul 01 2018 19:36:05 GMT+0700 (Indochina Time)
[debug] [2018-07-01T12:36:06.658Z] <<< HTTP RESPONSE 200
[debug] [2018-07-01T12:36:06.659Z] >>> HTTP REQUEST GET https://admin.firebase.com/v1/database/rnkm2018-house-ad25ge/tokens  
  
 Sun Jul 01 2018 19:36:06 GMT+0700 (Indochina Time)
[debug] [2018-07-01T12:36:07.809Z] <<< HTTP RESPONSE 200
[debug] [2018-07-01T12:36:07.810Z] >>> HTTP REQUEST GET https://cloudresourcemanager.googleapis.com/v1/projects/rnkm2018-house-ad25ge  
  
 Sun Jul 01 2018 19:36:07 GMT+0700 (Indochina Time)
[debug] [2018-07-01T12:36:09.157Z] <<< HTTP RESPONSE 200
[info] 
[info] === Serving from 'C:\Users\Road\DEV\rnkm2018'...
[info] 
[info] i  functions: Preparing to emulate functions.
[debug] [2018-07-01T12:36:09.798Z] Fetching environment
[debug] [2018-07-01T12:36:09.800Z] >>> HTTP REQUEST GET https://mobilesdk-pa.googleapis.com/v1/projects/435602746103:getServerAppConfig  
  
 Sun Jul 01 2018 19:36:09 GMT+0700 (Indochina Time)
[debug] [2018-07-01T12:36:09.801Z] >>> HTTP REQUEST GET https://mobilesdk-pa.googleapis.com/v1/projects/435602746103/clients/_:getWebAppConfig  
  
 Sun Jul 01 2018 19:36:09 GMT+0700 (Indochina Time)
[debug] [2018-07-01T12:36:10.460Z] <<< HTTP RESPONSE 200
[info] i  hosting: Serving hosting files from: public
[info] +  hosting: Local server: http://localhost:5000

[debug] [2018-07-01T12:36:10.481Z] <<< HTTP RESPONSE 200
[debug] [2018-07-01T12:36:10.481Z] Starting @google-cloud/functions-emulator
[debug] [2018-07-01T12:36:12.034Z] Parsing function triggers
[debug] [2018-07-01T12:36:12.507Z] Error while deploying to emulator: RangeError [ERR_OUT_OF_RANGE]: The value of "value" is out of range. It must be >= -2147483648 and <= 2147483647. Received 2858637923
RangeError [ERR_OUT_OF_RANGE]: The value of "value" is out of range. It must be >= -2147483648 and <= 2147483647. Received 2858637923
    at checkInt (internal/buffer.js:35:11)
    at writeU_Int32LE (internal/buffer.js:515:3)
    at Buffer.writeInt32LE (internal/buffer.js:684:10)
    at Object.entryHeaderToBinary (C:\Users\Road\AppData\Roaming\npm\node_modules\firebase-tools\node_modules\adm-zip\headers\entryHeader.js:216:18)
    at Object.packHeader (C:\Users\Road\AppData\Roaming\npm\node_modules\firebase-tools\node_modules\adm-zip\zipEntry.js:260:39)
    at C:\Users\Road\AppData\Roaming\npm\node_modules\firebase-tools\node_modules\adm-zip\zipFile.js:198:41
    at Array.forEach (<anonymous>)
    at Object.compressToBuffer (C:\Users\Road\AppData\Roaming\npm\node_modules\firebase-tools\node_modules\adm-zip\zipFile.js:182:23)
    at Object.writeZip (C:\Users\Road\AppData\Roaming\npm\node_modules\firebase-tools\node_modules\adm-zip\adm-zip.js:454:32)
    at client.generateUploadUrl.then.then (C:\Users\Road\AppData\Roaming\npm\node_modules\firebase-tools\node_modules\@google-cloud\functions-emulator\src\cli\controller.js:168:13)
[debug] [2018-07-01T12:36:12.517Z] Error while deploying to emulator: RangeError [ERR_OUT_OF_RANGE]: The value of "value" is out of range. It must be >= -2147483648 and <= 2147483647. Received 2858637923
RangeError [ERR_OUT_OF_RANGE]: The value of "value" is out of range. It must be >= -2147483648 and <= 2147483647. Received 2858637923
    at checkInt (internal/buffer.js:35:11)
    at writeU_Int32LE (internal/buffer.js:515:3)
    at Buffer.writeInt32LE (internal/buffer.js:684:10)
    at Object.entryHeaderToBinary (C:\Users\Road\AppData\Roaming\npm\node_modules\firebase-tools\node_modules\adm-zip\headers\entryHeader.js:216:18)
    at Object.packHeader (C:\Users\Road\AppData\Roaming\npm\node_modules\firebase-tools\node_modules\adm-zip\zipEntry.js:260:39)
    at C:\Users\Road\AppData\Roaming\npm\node_modules\firebase-tools\node_modules\adm-zip\zipFile.js:198:41
    at Array.forEach (<anonymous>)
    at Object.compressToBuffer (C:\Users\Road\AppData\Roaming\npm\node_modules\firebase-tools\node_modules\adm-zip\zipFile.js:182:23)
    at Object.writeZip (C:\Users\Road\AppData\Roaming\npm\node_modules\firebase-tools\node_modules\adm-zip\adm-zip.js:454:32)
    at client.generateUploadUrl.then.then (C:\Users\Road\AppData\Roaming\npm\node_modules\firebase-tools\node_modules\@google-cloud\functions-emulator\src\cli\controller.js:168:13)
[debug] [2018-07-01T12:36:12.529Z] Error while deploying to emulator: RangeError [ERR_OUT_OF_RANGE]: The value of "value" is out of range. It must be >= -2147483648 and <= 2147483647. Received 2858637923
RangeError [ERR_OUT_OF_RANGE]: The value of "value" is out of range. It must be >= -2147483648 and <= 2147483647. Received 2858637923
    at checkInt (internal/buffer.js:35:11)
    at writeU_Int32LE (internal/buffer.js:515:3)
    at Buffer.writeInt32LE (internal/buffer.js:684:10)
    at Object.entryHeaderToBinary (C:\Users\Road\AppData\Roaming\npm\node_modules\firebase-tools\node_modules\adm-zip\headers\entryHeader.js:216:18)
    at Object.packHeader (C:\Users\Road\AppData\Roaming\npm\node_modules\firebase-tools\node_modules\adm-zip\zipEntry.js:260:39)
    at C:\Users\Road\AppData\Roaming\npm\node_modules\firebase-tools\node_modules\adm-zip\zipFile.js:198:41
    at Array.forEach (<anonymous>)
    at Object.compressToBuffer (C:\Users\Road\AppData\Roaming\npm\node_modules\firebase-tools\node_modules\adm-zip\zipFile.js:182:23)
    at Object.writeZip (C:\Users\Road\AppData\Roaming\npm\node_modules\firebase-tools\node_modules\adm-zip\adm-zip.js:454:32)
    at client.generateUploadUrl.then.then (C:\Users\Road\AppData\Roaming\npm\node_modules\firebase-tools\node_modules\@google-cloud\functions-emulator\src\cli\controller.js:168:13)
[warn] !  functions: Failed to emulate getHouses
[warn] !  functions: Failed to emulate addPersonToHouse
[warn] !  functions: Failed to emulate getHouseInfo
[info] i  functions: No HTTPS functions found. Use firebase functions:shell if you would like to emulate other types of functions.
[debug] [2018-07-01T15:35:27.844Z] ----------------------------------------------------------------------
[debug] [2018-07-01T15:35:27.846Z] Command:       C:\Program Files\nodejs\node.exe C:\Users\Road\AppData\Roaming\npm\node_modules\firebase-tools\bin\firebase deploy --only functions
[debug] [2018-07-01T15:35:27.846Z] CLI Version:   3.19.1
[debug] [2018-07-01T15:35:27.846Z] Platform:      win32
[debug] [2018-07-01T15:35:27.846Z] Node Version:  v10.4.1
[debug] [2018-07-01T15:35:27.847Z] Time:          Sun Jul 01 2018 22:35:27 GMT+0700 (Indochina Time)
[debug] [2018-07-01T15:35:27.847Z] ----------------------------------------------------------------------
[debug] 
[debug] [2018-07-01T15:35:27.856Z] > command requires scopes: ["email","openid","https://www.googleapis.com/auth/cloudplatformprojects.readonly","https://www.googleapis.com/auth/firebase","https://www.googleapis.com/auth/cloud-platform"]
[debug] [2018-07-01T15:35:27.856Z] > authorizing via signed-in user
[debug] [2018-07-01T15:35:27.858Z] > refreshing access token with scopes: ["email","https://www.googleapis.com/auth/cloud-platform","https://www.googleapis.com/auth/cloudplatformprojects.readonly","https://www.googleapis.com/auth/firebase","openid"]
[debug] [2018-07-01T15:35:27.858Z] >>> HTTP REQUEST POST https://www.googleapis.com/oauth2/v3/token  
 { refresh_token: '1/W_WNwM4MxLQJK9B_N1CnI3Xm5y4mHqKTo_89Cq1bBuo',
  client_id:
   '563584335869-fgrhgmd47bqnekij5i8b5pr03ho849e6.apps.googleusercontent.com',
  client_secret: 'j9iVZfS8kkCEFUPaAeJV0sAi',
  grant_type: 'refresh_token',
  scope:
   'email https://www.googleapis.com/auth/cloud-platform https://www.googleapis.com/auth/cloudplatformprojects.readonly https://www.googleapis.com/auth/firebase openid' } 
 Sun Jul 01 2018 22:35:27 GMT+0700 (Indochina Time)
[debug] [2018-07-01T15:35:28.120Z] <<< HTTP RESPONSE 200
[debug] [2018-07-01T15:35:28.125Z] >>> HTTP REQUEST GET https://admin.firebase.com/v1/projects/rnkm2018-house-ad25ge  
  
 Sun Jul 01 2018 22:35:28 GMT+0700 (Indochina Time)
[debug] [2018-07-01T15:35:29.179Z] <<< HTTP RESPONSE 200
[debug] [2018-07-01T15:35:29.179Z] >>> HTTP REQUEST GET https://admin.firebase.com/v1/database/rnkm2018-house-ad25ge/tokens  
  
 Sun Jul 01 2018 22:35:29 GMT+0700 (Indochina Time)
[debug] [2018-07-01T15:35:30.093Z] <<< HTTP RESPONSE 200
[info] 
[info] === Deploying to 'rnkm2018-house-ad25ge'...
[info] 
[info] i  deploying functions
[info] Running command: npm --prefix "%RESOURCE_DIR%" run lint
[info] +  functions: Finished running predeploy script.
[debug] [2018-07-01T15:35:34.945Z] > [functions] package.json contents: {
  "name": "functions",
  "description": "Cloud Functions for Firebase",
  "scripts": {
    "lint": "eslint .",
    "serve": "firebase serve --only functions",
    "shell": "firebase functions:shell",
    "start": "npm run shell",
    "deploy": "firebase deploy --only functions",
    "logs": "firebase functions:log"
  },
  "dependencies": {
    "bcrypt": "^2.0.1",
    "firebase": "^5.2.0",
    "firebase-admin": "~5.12.1",
    "firebase-functions": "^1.0.3"
  },
  "devDependencies": {
    "eslint": "^4.12.0",
    "eslint-plugin-promise": "^3.6.0"
  },
  "private": true
}
[info] i  functions: ensuring necessary APIs are enabled...
[debug] [2018-07-01T15:35:34.947Z] >>> HTTP REQUEST GET https://servicemanagement.googleapis.com/v1/services/cloudfunctions.googleapis.com/projectSettings/rnkm2018-house-ad25ge?view=CONSUMER_VIEW  
  
 Sun Jul 01 2018 22:35:34 GMT+0700 (Indochina Time)
[debug] [2018-07-01T15:35:34.947Z] >>> HTTP REQUEST GET https://servicemanagement.googleapis.com/v1/services/runtimeconfig.googleapis.com/projectSettings/rnkm2018-house-ad25ge?view=CONSUMER_VIEW  
  
 Sun Jul 01 2018 22:35:34 GMT+0700 (Indochina Time)
[debug] [2018-07-01T15:35:56.165Z] Error: connect ETIMEDOUT 172.217.27.234:443
    at TCPConnectWrap.afterConnect [as oncomplete] (net.js:1158:14)
[error] 
[error] Error: Server Error. connect ETIMEDOUT 172.217.27.234:443
[debug] [2018-07-01T15:38:49.528Z] ----------------------------------------------------------------------
[debug] [2018-07-01T15:38:49.531Z] Command:       C:\Program Files\nodejs\node.exe C:\Users\Road\AppData\Roaming\npm\node_modules\firebase-tools\bin\firebase deploy --only functions
[debug] [2018-07-01T15:38:49.531Z] CLI Version:   3.19.1
[debug] [2018-07-01T15:38:49.532Z] Platform:      win32
[debug] [2018-07-01T15:38:49.532Z] Node Version:  v10.4.1
[debug] [2018-07-01T15:38:49.533Z] Time:          Sun Jul 01 2018 22:38:49 GMT+0700 (Indochina Time)
[debug] [2018-07-01T15:38:49.533Z] ----------------------------------------------------------------------
[debug] 
[debug] [2018-07-01T15:38:49.546Z] > command requires scopes: ["email","openid","https://www.googleapis.com/auth/cloudplatformprojects.readonly","https://www.googleapis.com/auth/firebase","https://www.googleapis.com/auth/cloud-platform"]
[debug] [2018-07-01T15:38:49.546Z] > authorizing via signed-in user
[debug] [2018-07-01T15:38:49.550Z] >>> HTTP REQUEST GET https://admin.firebase.com/v1/projects/rnkm2018-house-ad25ge  
  
 Sun Jul 01 2018 22:38:49 GMT+0700 (Indochina Time)
[debug] [2018-07-01T15:38:50.587Z] <<< HTTP RESPONSE 200
[debug] [2018-07-01T15:38:50.588Z] >>> HTTP REQUEST GET https://admin.firebase.com/v1/database/rnkm2018-house-ad25ge/tokens  
  
 Sun Jul 01 2018 22:38:50 GMT+0700 (Indochina Time)
[debug] [2018-07-01T15:38:53.423Z] <<< HTTP RESPONSE 200
[info] 
[info] === Deploying to 'rnkm2018-house-ad25ge'...
[info] 
[info] i  deploying functions
[info] Running command: npm --prefix "%RESOURCE_DIR%" run lint
[info] +  functions: Finished running predeploy script.
[debug] [2018-07-01T15:38:57.968Z] > [functions] package.json contents: {
  "name": "functions",
  "description": "Cloud Functions for Firebase",
  "scripts": {
    "lint": "eslint .",
    "serve": "firebase serve --only functions",
    "shell": "firebase functions:shell",
    "start": "npm run shell",
    "deploy": "firebase deploy --only functions",
    "logs": "firebase functions:log"
  },
  "dependencies": {
    "bcrypt": "^2.0.1",
    "firebase": "^5.2.0",
    "firebase-admin": "~5.12.1",
    "firebase-functions": "^1.0.3"
  },
  "devDependencies": {
    "eslint": "^4.12.0",
    "eslint-plugin-promise": "^3.6.0"
  },
  "private": true
}
[info] i  functions: ensuring necessary APIs are enabled...
[debug] [2018-07-01T15:38:57.968Z] >>> HTTP REQUEST GET https://servicemanagement.googleapis.com/v1/services/cloudfunctions.googleapis.com/projectSettings/rnkm2018-house-ad25ge?view=CONSUMER_VIEW  
  
 Sun Jul 01 2018 22:38:57 GMT+0700 (Indochina Time)
[debug] [2018-07-01T15:38:57.969Z] >>> HTTP REQUEST GET https://servicemanagement.googleapis.com/v1/services/runtimeconfig.googleapis.com/projectSettings/rnkm2018-house-ad25ge?view=CONSUMER_VIEW  
  
 Sun Jul 01 2018 22:38:57 GMT+0700 (Indochina Time)
[debug] [2018-07-01T15:39:19.147Z] Error: connect ETIMEDOUT 172.217.27.234:443
    at TCPConnectWrap.afterConnect [as oncomplete] (net.js:1158:14)
[error] 
[error] Error: Server Error. connect ETIMEDOUT 172.217.27.234:443
[debug] [2018-07-01T15:39:58.676Z] ----------------------------------------------------------------------
[debug] [2018-07-01T15:39:58.678Z] Command:       C:\Program Files\nodejs\node.exe C:\Users\Road\AppData\Roaming\npm\node_modules\firebase-tools\bin\firebase deploy --only functions
[debug] [2018-07-01T15:39:58.678Z] CLI Version:   3.19.1
[debug] [2018-07-01T15:39:58.678Z] Platform:      win32
[debug] [2018-07-01T15:39:58.678Z] Node Version:  v10.4.1
[debug] [2018-07-01T15:39:58.679Z] Time:          Sun Jul 01 2018 22:39:58 GMT+0700 (Indochina Time)
[debug] [2018-07-01T15:39:58.679Z] ----------------------------------------------------------------------
[debug] 
[debug] [2018-07-01T15:39:58.688Z] > command requires scopes: ["email","openid","https://www.googleapis.com/auth/cloudplatformprojects.readonly","https://www.googleapis.com/auth/firebase","https://www.googleapis.com/auth/cloud-platform"]
[debug] [2018-07-01T15:39:58.688Z] > authorizing via signed-in user
[debug] [2018-07-01T15:39:58.690Z] >>> HTTP REQUEST GET https://admin.firebase.com/v1/projects/rnkm2018-house-ad25ge  
  
 Sun Jul 01 2018 22:39:58 GMT+0700 (Indochina Time)
[debug] [2018-07-01T15:39:59.723Z] <<< HTTP RESPONSE 200
[debug] [2018-07-01T15:39:59.724Z] >>> HTTP REQUEST GET https://admin.firebase.com/v1/database/rnkm2018-house-ad25ge/tokens  
  
 Sun Jul 01 2018 22:39:59 GMT+0700 (Indochina Time)
[debug] [2018-07-01T15:40:00.528Z] <<< HTTP RESPONSE 200
[info] 
[info] === Deploying to 'rnkm2018-house-ad25ge'...
[info] 
[info] i  deploying functions
[info] Running command: npm --prefix "%RESOURCE_DIR%" run lint
[info] +  functions: Finished running predeploy script.
[debug] [2018-07-01T15:40:05.367Z] > [functions] package.json contents: {
  "name": "functions",
  "description": "Cloud Functions for Firebase",
  "scripts": {
    "lint": "eslint .",
    "serve": "firebase serve --only functions",
    "shell": "firebase functions:shell",
    "start": "npm run shell",
    "deploy": "firebase deploy --only functions",
    "logs": "firebase functions:log"
  },
  "dependencies": {
    "bcrypt": "^2.0.1",
    "firebase": "^5.2.0",
    "firebase-admin": "~5.12.1",
    "firebase-functions": "^1.0.3"
  },
  "devDependencies": {
    "eslint": "^4.12.0",
    "eslint-plugin-promise": "^3.6.0"
  },
  "private": true
}
[info] i  functions: ensuring necessary APIs are enabled...
[debug] [2018-07-01T15:40:05.367Z] >>> HTTP REQUEST GET https://servicemanagement.googleapis.com/v1/services/cloudfunctions.googleapis.com/projectSettings/rnkm2018-house-ad25ge?view=CONSUMER_VIEW  
  
 Sun Jul 01 2018 22:40:05 GMT+0700 (Indochina Time)
[debug] [2018-07-01T15:40:05.368Z] >>> HTTP REQUEST GET https://servicemanagement.googleapis.com/v1/services/runtimeconfig.googleapis.com/projectSettings/rnkm2018-house-ad25ge?view=CONSUMER_VIEW  
  
 Sun Jul 01 2018 22:40:05 GMT+0700 (Indochina Time)
[debug] [2018-07-01T15:40:07.206Z] <<< HTTP RESPONSE 200
[debug] [2018-07-01T15:40:07.244Z] <<< HTTP RESPONSE 200
[info] +  functions: all necessary APIs are enabled
[debug] [2018-07-01T15:40:07.247Z] >>> HTTP REQUEST GET https://cloudresourcemanager.googleapis.com/v1/projects/rnkm2018-house-ad25ge  
  
 Sun Jul 01 2018 22:40:07 GMT+0700 (Indochina Time)
[debug] [2018-07-01T15:40:08.665Z] <<< HTTP RESPONSE 200
[debug] [2018-07-01T15:40:08.666Z] >>> HTTP REQUEST GET https://mobilesdk-pa.googleapis.com/v1/projects/435602746103:getServerAppConfig  
  
 Sun Jul 01 2018 22:40:08 GMT+0700 (Indochina Time)
[debug] [2018-07-01T15:40:09.400Z] <<< HTTP RESPONSE 200
[info] i  functions: preparing functions directory for uploading...
[debug] [2018-07-01T15:40:09.404Z] >>> HTTP REQUEST GET https://runtimeconfig.googleapis.com/v1beta1/projects/rnkm2018-house-ad25ge/configs  
  
 Sun Jul 01 2018 22:40:09 GMT+0700 (Indochina Time)
[debug] [2018-07-01T15:40:09.844Z] <<< HTTP RESPONSE 200
[info] i  functions: packaged functions (58.36 KB) for uploading
[debug] [2018-07-01T15:40:10.288Z] >>> HTTP REQUEST POST https://cloudfunctions.googleapis.com/v1/projects/rnkm2018-house-ad25ge/locations/us-central1/functions:generateUploadUrl  
  
 Sun Jul 01 2018 22:40:10 GMT+0700 (Indochina Time)
[info] 

There was an issue deploying your functions. Verify that your project has a Google App Engine instance setup at https://console.cloud.google.com/appengine and try again. If this issue persists, please contact support.
[warn] !  functions: Upload Error: Server Error. connect ETIMEDOUT 172.217.194.95:443
[debug] [2018-07-01T15:40:31.511Z] Error: connect ETIMEDOUT 172.217.194.95:443
    at TCPConnectWrap.afterConnect [as oncomplete] (net.js:1158:14)
[error] 
[error] Error: Server Error. connect ETIMEDOUT 172.217.194.95:443
[debug] [2018-07-01T15:46:35.945Z] ----------------------------------------------------------------------
[debug] [2018-07-01T15:46:35.947Z] Command:       C:\Program Files\nodejs\node.exe C:\Users\Road\AppData\Roaming\npm\node_modules\firebase-tools\bin\firebase deploy --only functions
[debug] [2018-07-01T15:46:35.947Z] CLI Version:   3.19.1
[debug] [2018-07-01T15:46:35.947Z] Platform:      win32
[debug] [2018-07-01T15:46:35.947Z] Node Version:  v10.4.1
[debug] [2018-07-01T15:46:35.948Z] Time:          Sun Jul 01 2018 22:46:35 GMT+0700 (Indochina Time)
[debug] [2018-07-01T15:46:35.948Z] ----------------------------------------------------------------------
[debug] 
[debug] [2018-07-01T15:46:35.958Z] > command requires scopes: ["email","openid","https://www.googleapis.com/auth/cloudplatformprojects.readonly","https://www.googleapis.com/auth/firebase","https://www.googleapis.com/auth/cloud-platform"]
[debug] [2018-07-01T15:46:35.959Z] > authorizing via signed-in user
[debug] [2018-07-01T15:46:35.961Z] >>> HTTP REQUEST GET https://admin.firebase.com/v1/projects/rnkm2018-house-ad25ge  
  
 Sun Jul 01 2018 22:46:35 GMT+0700 (Indochina Time)
[debug] [2018-07-01T15:46:37.099Z] <<< HTTP RESPONSE 200
[debug] [2018-07-01T15:46:37.100Z] >>> HTTP REQUEST GET https://admin.firebase.com/v1/database/rnkm2018-house-ad25ge/tokens  
  
 Sun Jul 01 2018 22:46:37 GMT+0700 (Indochina Time)
[debug] [2018-07-01T15:46:38.709Z] <<< HTTP RESPONSE 200
[info] 
[info] === Deploying to 'rnkm2018-house-ad25ge'...
[info] 
[info] i  deploying functions
[info] Running command: npm --prefix "%RESOURCE_DIR%" run lint
[info] +  functions: Finished running predeploy script.
[debug] [2018-07-01T15:46:43.426Z] > [functions] package.json contents: {
  "name": "functions",
  "description": "Cloud Functions for Firebase",
  "scripts": {
    "lint": "eslint .",
    "serve": "firebase serve --only functions",
    "shell": "firebase functions:shell",
    "start": "npm run shell",
    "deploy": "firebase deploy --only functions",
    "logs": "firebase functions:log"
  },
  "dependencies": {
    "bcrypt": "^2.0.1",
    "firebase": "^5.2.0",
    "firebase-admin": "~5.12.1",
    "firebase-functions": "^1.0.3"
  },
  "devDependencies": {
    "eslint": "^4.12.0",
    "eslint-plugin-promise": "^3.6.0"
  },
  "private": true
}
[info] i  functions: ensuring necessary APIs are enabled...
[debug] [2018-07-01T15:46:43.428Z] >>> HTTP REQUEST GET https://servicemanagement.googleapis.com/v1/services/cloudfunctions.googleapis.com/projectSettings/rnkm2018-house-ad25ge?view=CONSUMER_VIEW  
  
 Sun Jul 01 2018 22:46:43 GMT+0700 (Indochina Time)
[debug] [2018-07-01T15:46:43.428Z] >>> HTTP REQUEST GET https://servicemanagement.googleapis.com/v1/services/runtimeconfig.googleapis.com/projectSettings/rnkm2018-house-ad25ge?view=CONSUMER_VIEW  
  
 Sun Jul 01 2018 22:46:43 GMT+0700 (Indochina Time)
[debug] [2018-07-01T15:47:04.627Z] Error: connect ETIMEDOUT 172.217.194.95:443
    at TCPConnectWrap.afterConnect [as oncomplete] (net.js:1158:14)
[error] 
[error] Error: Server Error. connect ETIMEDOUT 172.217.194.95:443
[debug] [2018-07-01T15:47:49.905Z] ----------------------------------------------------------------------
[debug] [2018-07-01T15:47:49.907Z] Command:       C:\Program Files\nodejs\node.exe C:\Users\Road\AppData\Roaming\npm\node_modules\firebase-tools\bin\firebase deploy --only functions
[debug] [2018-07-01T15:47:49.907Z] CLI Version:   3.19.1
[debug] [2018-07-01T15:47:49.907Z] Platform:      win32
[debug] [2018-07-01T15:47:49.907Z] Node Version:  v10.4.1
[debug] [2018-07-01T15:47:49.908Z] Time:          Sun Jul 01 2018 22:47:49 GMT+0700 (Indochina Time)
[debug] [2018-07-01T15:47:49.908Z] ----------------------------------------------------------------------
[debug] 
[debug] [2018-07-01T15:47:49.917Z] > command requires scopes: ["email","openid","https://www.googleapis.com/auth/cloudplatformprojects.readonly","https://www.googleapis.com/auth/firebase","https://www.googleapis.com/auth/cloud-platform"]
[debug] [2018-07-01T15:47:49.918Z] > authorizing via signed-in user
[debug] [2018-07-01T15:47:49.920Z] >>> HTTP REQUEST GET https://admin.firebase.com/v1/projects/rnkm2018-house-ad25ge  
  
 Sun Jul 01 2018 22:47:49 GMT+0700 (Indochina Time)
[debug] [2018-07-01T15:47:49.951Z] Error: getaddrinfo ENOTFOUND admin.firebase.com admin.firebase.com:443
    at GetAddrInfoReqWrap.onlookup [as oncomplete] (dns.js:50:26)
[error] 
[error] Error: Server Error. getaddrinfo ENOTFOUND admin.firebase.com admin.firebase.com:443
